<?xml version="1.0" encoding="UTF-8"?>
<!-- Generated by org.testng.reporters.JUnitXMLReporter -->
<testsuite ignored="0" hostname="Atharva" failures="0" tests="4" name="Default test" time="0.116" errors="0" timestamp="2024-02-27T10:54:45 IST">
  <testcase classname="TestNG.Axis.Annotations" name="testcase1" time="0.007"/>
  <testcase classname="TestNG.Axis.Annotations" name="testcase2" time="0.003"/>
  <testcase classname="TestNG.Axis.Annotations" name="testcase3" time="0.002"/>
  <testcase classname="TestNG.Axis.Annotations" name="testcase4" time="0.002"/>
</testsuite> <!-- Default test -->
